<?xml version="1.0" encoding="UTF-8"?>
<!-- Generated by org.testng.reporters.JUnitReportReporter -->
<testsuite hostname="DESKTOP-K2LUTQ7" failures="0" tests="1" name="etsy.web.tests.EtsyPageChromeTest" time="6.966" errors="0" timestamp="2021-08-29T21:07:50 CEST" skipped="0">
  <testcase classname="etsy.web.tests.EtsyPageChromeTest" name="logIn" time="6.966"/>
  <system-out/>
</testsuite> <!-- etsy.web.tests.EtsyPageChromeTest -->
