<?xml version="1.0" encoding="UTF-8"?>
<!-- Generated by org.testng.reporters.JUnitReportReporter -->
<testsuite hostname="DESKTOP-K2LUTQ7" failures="0" tests="5" name="etsy.web.tests.EtsyPageFirefoxTest" time="84.082" errors="0" timestamp="2021-08-29T21:10:03 CEST" skipped="0">
  <testcase classname="etsy.web.tests.EtsyPageFirefoxTest" name="hoverCategory" time="14.503"/>
  <system-out/>
  <testcase classname="etsy.web.tests.EtsyPageFirefoxTest" name="radioButton" time="22.265"/>
  <system-out/>
  <testcase classname="etsy.web.tests.EtsyPageFirefoxTest" name="cart" time="13.993"/>
  <system-out/>
  <testcase classname="etsy.web.tests.EtsyPageFirefoxTest" name="searchBar" time="11.739"/>
  <system-out/>
  <testcase classname="etsy.web.tests.EtsyPageFirefoxTest" name="checkBox" time="21.582"/>
  <system-out/>
</testsuite> <!-- etsy.web.tests.EtsyPageFirefoxTest -->
